<?xml version="1.0" encoding="UTF-8"?>
<!-- Generated by org.testng.reporters.JUnitXMLReporter -->
<testsuite ignored="9" hostname="DESKTOP-J8VA1KP" failures="0" tests="0" time="6.799" errors="0" timestamp="2023-03-13T15:47:33 IST">
  <testcase classname="cfo.Mgmt" name="NotCompleted_PieChartPeriod" time="0.0">
    <ignored/>
  </testcase> <!-- NotCompleted_PieChartPeriod -->
  <testcase classname="cfo.Mgmt" name="ClosedDelayed_PieChartPeriod" time="0.0">
    <ignored/>
  </testcase> <!-- ClosedDelayed_PieChartPeriod -->
  <testcase classname="cfo.Mgmt" name="rejected_PieChartPeriod" time="0.0">
    <ignored/>
  </testcase> <!-- rejected_PieChartPeriod -->
  <testcase classname="cfo.Mgmt" name="ClosedTimely_PieChartPeriod" time="0.0">
    <ignored/>
  </testcase> <!-- ClosedTimely_PieChartPeriod -->
  <testcase classname="cfo.Mgmt" name="NotApplicable_PieChartPeriod" time="0.0">
    <ignored/>
  </testcase> <!-- NotApplicable_PieChartPeriod -->
  <testcase classname="cfo.Mgmt" name="pendingForReview_PieChartPeriod" time="0.0">
    <ignored/>
  </testcase> <!-- pendingForReview_PieChartPeriod -->
  <testcase classname="cfo.Mgmt" name="Login" time="0.0">
    <ignored/>
  </testcase> <!-- Login -->
  <testcase classname="cfo.Mgmt" name="dueToday_PieChartPeriod" time="0.0">
    <ignored/>
  </testcase> <!-- dueToday_PieChartPeriod -->
  <testcase classname="cfo.Mgmt" name="Overdue_PieChartPeriod" time="0.0">
    <ignored/>
  </testcase> <!-- Overdue_PieChartPeriod -->
</testsuite>
