<?xml version="1.0" encoding="UTF-8"?>
<testng-results ignored="0" total="3" passed="3" failed="0" skipped="0">
  <reporter-output>
  </reporter-output>
  <suite started-at="2023-02-24T18:23:37 IST" name="Default suite" finished-at="2023-02-24T18:24:32 IST" duration-ms="54552">
    <groups>
    </groups>
    <test started-at="2023-02-24T18:23:37 IST" name="Default test" finished-at="2023-02-24T18:24:32 IST" duration-ms="54552">
      <class name="arsProduct.ArsTestCase">
        <test-method is-config="true" signature="setBrowser()[pri:0, instance:arsProduct.ArsTestCase@3b6ddd1d]" started-at="2023-02-24T18:23:37 IST" name="setBrowser" finished-at="2023-02-24T18:23:43 IST" duration-ms="6023" status="PASS">
          <reporter-output>
          </reporter-output>
        </test-method> <!-- setBrowser -->
        <test-method signature="Login()[pri:1, instance:arsProduct.ArsTestCase@3b6ddd1d]" started-at="2023-02-24T18:23:43 IST" name="Login" finished-at="2023-02-24T18:24:02 IST" duration-ms="19189" status="PASS">
          <reporter-output>
          </reporter-output>
        </test-method> <!-- Login -->
        <test-method signature="ReAssign()[pri:8, instance:arsProduct.ArsTestCase@3b6ddd1d]" started-at="2023-02-24T18:24:02 IST" name="ReAssign" finished-at="2023-02-24T18:24:21 IST" duration-ms="18895" status="PASS">
          <reporter-output>
          </reporter-output>
        </test-method> <!-- ReAssign -->
        <test-method signature="DeleteProcess()[pri:9, instance:arsProduct.ArsTestCase@3b6ddd1d]" started-at="2023-02-24T18:24:21 IST" name="DeleteProcess" finished-at="2023-02-24T18:24:32 IST" duration-ms="10362" status="PASS">
          <reporter-output>
          </reporter-output>
        </test-method> <!-- DeleteProcess -->
      </class> <!-- arsProduct.ArsTestCase -->
    </test> <!-- Default test -->
  </suite> <!-- Default suite -->
</testng-results>
