<?xml version="1.0" encoding="UTF-8"?>
<testng-results ignored="0" total="37" passed="37" failed="0" skipped="0">
  <reporter-output>
  </reporter-output>
  <suite started-at="2023-02-15T16:47:00 IST" name="Default suite" finished-at="2023-02-15T17:29:59 IST" duration-ms="2579276">
    <groups>
    </groups>
    <test started-at="2023-02-15T16:47:00 IST" name="Default test" finished-at="2023-02-15T17:29:59 IST" duration-ms="2579276">
      <class name="cfo.Mgmt">
        <test-method is-config="true" signature="setBrowser()[pri:0, instance:cfo.Mgmt@2f217633]" started-at="2023-02-15T16:47:00 IST" name="setBrowser" finished-at="2023-02-15T16:47:05 IST" duration-ms="5481" status="PASS">
          <reporter-output>
          </reporter-output>
        </test-method> <!-- setBrowser -->
        <test-method signature="Login()[pri:1, instance:cfo.Mgmt@2f217633]" started-at="2023-02-15T16:47:05 IST" name="Login" finished-at="2023-02-15T16:47:26 IST" duration-ms="20466" status="PASS">
          <reporter-output>
          </reporter-output>
        </test-method> <!-- Login -->
        <test-method signature="Overdue_PieChartPeriod()[pri:29, instance:cfo.Mgmt@2f217633]" started-at="2023-02-15T16:47:26 IST" name="Overdue_PieChartPeriod" finished-at="2023-02-15T16:50:56 IST" duration-ms="210384" status="PASS">
          <reporter-output>
          </reporter-output>
        </test-method> <!-- Overdue_PieChartPeriod -->
        <test-method signature="dueToday_PieChartPeriod()[pri:30, instance:cfo.Mgmt@2f217633]" started-at="2023-02-15T16:50:56 IST" name="dueToday_PieChartPeriod" finished-at="2023-02-15T16:53:54 IST" duration-ms="178456" status="PASS">
          <reporter-output>
          </reporter-output>
        </test-method> <!-- dueToday_PieChartPeriod -->
        <test-method signature="pendingForReview_PieChartPeriod()[pri:31, instance:cfo.Mgmt@2f217633]" started-at="2023-02-15T16:53:54 IST" name="pendingForReview_PieChartPeriod" finished-at="2023-02-15T16:58:10 IST" duration-ms="255664" status="PASS">
          <reporter-output>
          </reporter-output>
        </test-method> <!-- pendingForReview_PieChartPeriod -->
        <test-method signature="rejected_PieChartPeriod()[pri:32, instance:cfo.Mgmt@2f217633]" started-at="2023-02-15T16:58:10 IST" name="rejected_PieChartPeriod" finished-at="2023-02-15T17:01:12 IST" duration-ms="181786" status="PASS">
          <reporter-output>
          </reporter-output>
        </test-method> <!-- rejected_PieChartPeriod -->
        <test-method signature="PenaltySummaryStatutory()[pri:33, instance:cfo.Mgmt@2f217633]" started-at="2023-02-15T17:01:12 IST" name="PenaltySummaryStatutory" finished-at="2023-02-15T17:02:50 IST" duration-ms="98366" status="PASS">
          <reporter-output>
          </reporter-output>
        </test-method> <!-- PenaltySummaryStatutory -->
        <test-method signature="GradingReportStatutory()[pri:34, instance:cfo.Mgmt@2f217633]" started-at="2023-02-15T17:02:50 IST" name="GradingReportStatutory" finished-at="2023-02-15T17:03:25 IST" duration-ms="34403" status="PASS">
          <reporter-output>
          </reporter-output>
        </test-method> <!-- GradingReportStatutory -->
        <test-method signature="complianceCalendar()[pri:35, instance:cfo.Mgmt@2f217633]" started-at="2023-02-15T17:03:25 IST" name="complianceCalendar" finished-at="2023-02-15T17:04:32 IST" duration-ms="67238" status="PASS">
          <reporter-output>
          </reporter-output>
        </test-method> <!-- complianceCalendar -->
        <test-method signature="DailyUpdates()[pri:36, instance:cfo.Mgmt@2f217633]" started-at="2023-02-15T17:04:32 IST" name="DailyUpdates" finished-at="2023-02-15T17:05:14 IST" duration-ms="42535" status="PASS">
          <reporter-output>
          </reporter-output>
        </test-method> <!-- DailyUpdates -->
        <test-method signature="NewsLetter()[pri:37, instance:cfo.Mgmt@2f217633]" started-at="2023-02-15T17:05:14 IST" name="NewsLetter" finished-at="2023-02-15T17:05:38 IST" duration-ms="23041" status="PASS">
          <reporter-output>
          </reporter-output>
        </test-method> <!-- NewsLetter -->
        <test-method signature="StandardReportOverall()[pri:38, instance:cfo.Mgmt@2f217633]" started-at="2023-02-15T17:05:38 IST" name="StandardReportOverall" finished-at="2023-02-15T17:06:27 IST" duration-ms="49570" status="PASS">
          <reporter-output>
          </reporter-output>
        </test-method> <!-- StandardReportOverall -->
        <test-method signature="StandardReportLocation()[pri:39, instance:cfo.Mgmt@2f217633]" started-at="2023-02-15T17:06:27 IST" name="StandardReportLocation" finished-at="2023-02-15T17:07:16 IST" duration-ms="49362" status="PASS">
          <reporter-output>
          </reporter-output>
        </test-method> <!-- StandardReportLocation -->
        <test-method signature="StandardReportUser()[pri:40, instance:cfo.Mgmt@2f217633]" started-at="2023-02-15T17:07:16 IST" name="StandardReportUser" finished-at="2023-02-15T17:08:06 IST" duration-ms="49395" status="PASS">
          <reporter-output>
          </reporter-output>
        </test-method> <!-- StandardReportUser -->
        <test-method signature="StandardReportCategory()[pri:41, instance:cfo.Mgmt@2f217633]" started-at="2023-02-15T17:08:06 IST" name="StandardReportCategory" finished-at="2023-02-15T17:08:56 IST" duration-ms="50260" status="PASS">
          <reporter-output>
          </reporter-output>
        </test-method> <!-- StandardReportCategory -->
        <test-method signature="StandardReportRisk()[pri:42, instance:cfo.Mgmt@2f217633]" started-at="2023-02-15T17:08:56 IST" name="StandardReportRisk" finished-at="2023-02-15T17:09:47 IST" duration-ms="50511" status="PASS">
          <reporter-output>
          </reporter-output>
        </test-method> <!-- StandardReportRisk -->
        <test-method signature="StandardReportDetailed()[pri:43, instance:cfo.Mgmt@2f217633]" started-at="2023-02-15T17:09:47 IST" name="StandardReportDetailed" finished-at="2023-02-15T17:10:25 IST" duration-ms="38839" status="PASS">
          <reporter-output>
          </reporter-output>
        </test-method> <!-- StandardReportDetailed -->
        <test-method signature="StandardReportCriticalRisk()[pri:44, instance:cfo.Mgmt@2f217633]" started-at="2023-02-15T17:10:25 IST" name="StandardReportCriticalRisk" finished-at="2023-02-15T17:11:16 IST" duration-ms="50243" status="PASS">
          <reporter-output>
          </reporter-output>
        </test-method> <!-- StandardReportCriticalRisk -->
        <test-method signature="StandardReportOverallIN()[pri:45, instance:cfo.Mgmt@2f217633]" started-at="2023-02-15T17:11:16 IST" name="StandardReportOverallIN" finished-at="2023-02-15T17:12:12 IST" duration-ms="55833" status="PASS">
          <reporter-output>
          </reporter-output>
        </test-method> <!-- StandardReportOverallIN -->
        <test-method signature="StandardReportLocationIN()[pri:46, instance:cfo.Mgmt@2f217633]" started-at="2023-02-15T17:12:12 IST" name="StandardReportLocationIN" finished-at="2023-02-15T17:13:05 IST" duration-ms="53039" status="PASS">
          <reporter-output>
          </reporter-output>
        </test-method> <!-- StandardReportLocationIN -->
        <test-method signature="StandardReportUserIn()[pri:47, instance:cfo.Mgmt@2f217633]" started-at="2023-02-15T17:13:05 IST" name="StandardReportUserIn" finished-at="2023-02-15T17:13:59 IST" duration-ms="53957" status="PASS">
          <reporter-output>
          </reporter-output>
        </test-method> <!-- StandardReportUserIn -->
        <test-method signature="StandardReportCategoryIn()[pri:48, instance:cfo.Mgmt@2f217633]" started-at="2023-02-15T17:13:59 IST" name="StandardReportCategoryIn" finished-at="2023-02-15T17:14:59 IST" duration-ms="59999" status="PASS">
          <reporter-output>
          </reporter-output>
        </test-method> <!-- StandardReportCategoryIn -->
        <test-method signature="StandardReportRiskIN()[pri:49, instance:cfo.Mgmt@2f217633]" started-at="2023-02-15T17:14:59 IST" name="StandardReportRiskIN" finished-at="2023-02-15T17:15:53 IST" duration-ms="54098" status="PASS">
          <reporter-output>
          </reporter-output>
        </test-method> <!-- StandardReportRiskIN -->
        <test-method signature="StandardReportDetailedIN()[pri:50, instance:cfo.Mgmt@2f217633]" started-at="2023-02-15T17:15:53 IST" name="StandardReportDetailedIN" finished-at="2023-02-15T17:16:38 IST" duration-ms="44865" status="PASS">
          <reporter-output>
          </reporter-output>
        </test-method> <!-- StandardReportDetailedIN -->
        <test-method signature="StandardReportCriticalRiskIN()[pri:51, instance:cfo.Mgmt@2f217633]" started-at="2023-02-15T17:16:38 IST" name="StandardReportCriticalRiskIN" finished-at="2023-02-15T17:17:31 IST" duration-ms="53531" status="PASS">
          <reporter-output>
          </reporter-output>
        </test-method> <!-- StandardReportCriticalRiskIN -->
        <test-method signature="DetailedReport()[pri:52, instance:cfo.Mgmt@2f217633]" started-at="2023-02-15T17:17:31 IST" name="DetailedReport" finished-at="2023-02-15T17:19:45 IST" duration-ms="134414" status="PASS">
          <reporter-output>
          </reporter-output>
        </test-method> <!-- DetailedReport -->
        <test-method signature="DetailedReportIn()[pri:53, instance:cfo.Mgmt@2f217633]" started-at="2023-02-15T17:19:45 IST" name="DetailedReportIn" finished-at="2023-02-15T17:20:50 IST" duration-ms="64958" status="PASS">
          <reporter-output>
          </reporter-output>
        </test-method> <!-- DetailedReportIn -->
        <test-method signature="AssignmentReport()[pri:54, instance:cfo.Mgmt@2f217633]" started-at="2023-02-15T17:20:50 IST" name="AssignmentReport" finished-at="2023-02-15T17:21:33 IST" duration-ms="43071" status="PASS">
          <reporter-output>
          </reporter-output>
        </test-method> <!-- AssignmentReport -->
        <test-method signature="UsageReport()[pri:55, instance:cfo.Mgmt@2f217633]" started-at="2023-02-15T17:21:33 IST" name="UsageReport" finished-at="2023-02-15T17:22:07 IST" duration-ms="33728" status="PASS">
          <reporter-output>
          </reporter-output>
        </test-method> <!-- UsageReport -->
        <test-method signature="AuditReport()[pri:56, instance:cfo.Mgmt@2f217633]" started-at="2023-02-15T17:22:07 IST" name="AuditReport" finished-at="2023-02-15T17:22:33 IST" duration-ms="25929" status="PASS">
          <reporter-output>
          </reporter-output>
        </test-method> <!-- AuditReport -->
        <test-method signature="ActRepository()[pri:57, instance:cfo.Mgmt@2f217633]" started-at="2023-02-15T17:22:33 IST" name="ActRepository" finished-at="2023-02-15T17:22:58 IST" duration-ms="24344" status="PASS">
          <reporter-output>
          </reporter-output>
        </test-method> <!-- ActRepository -->
        <test-method signature="ComplianceDocuments()[pri:58, instance:cfo.Mgmt@2f217633]" started-at="2023-02-15T17:22:58 IST" name="ComplianceDocuments" finished-at="2023-02-15T17:25:01 IST" duration-ms="123643" status="PASS">
          <reporter-output>
          </reporter-output>
        </test-method> <!-- ComplianceDocuments -->
        <test-method signature="ComplianceDocumentsIN()[pri:59, instance:cfo.Mgmt@2f217633]" started-at="2023-02-15T17:25:01 IST" name="ComplianceDocumentsIN" finished-at="2023-02-15T17:27:14 IST" duration-ms="132774" status="PASS">
          <reporter-output>
          </reporter-output>
        </test-method> <!-- ComplianceDocumentsIN -->
        <test-method signature="CriticalDocuments()[pri:60, instance:cfo.Mgmt@2f217633]" started-at="2023-02-15T17:27:14 IST" name="CriticalDocuments" finished-at="2023-02-15T17:28:07 IST" duration-ms="53073" status="PASS">
          <reporter-output>
          </reporter-output>
        </test-method> <!-- CriticalDocuments -->
        <test-method signature="ActDocuments()[pri:61, instance:cfo.Mgmt@2f217633]" started-at="2023-02-15T17:28:07 IST" name="ActDocuments" finished-at="2023-02-15T17:28:50 IST" duration-ms="43355" status="PASS">
          <reporter-output>
          </reporter-output>
        </test-method> <!-- ActDocuments -->
        <test-method signature="MyNotifications()[pri:64, instance:cfo.Mgmt@2f217633]" started-at="2023-02-15T17:28:50 IST" name="MyNotifications" finished-at="2023-02-15T17:29:20 IST" duration-ms="29644" status="PASS">
          <reporter-output>
          </reporter-output>
        </test-method> <!-- MyNotifications -->
        <test-method signature="InternalMsg()[pri:66, instance:cfo.Mgmt@2f217633]" started-at="2023-02-15T17:29:20 IST" name="InternalMsg" finished-at="2023-02-15T17:29:43 IST" duration-ms="23172" status="PASS">
          <reporter-output>
          </reporter-output>
        </test-method> <!-- InternalMsg -->
        <test-method signature="SupportTicket()[pri:67, instance:cfo.Mgmt@2f217633]" started-at="2023-02-15T17:29:43 IST" name="SupportTicket" finished-at="2023-02-15T17:29:59 IST" duration-ms="15674" status="PASS">
          <reporter-output>
          </reporter-output>
        </test-method> <!-- SupportTicket -->
        <test-method is-config="true" signature="Closing()[pri:0, instance:cfo.Mgmt@2f217633]" started-at="2023-02-15T17:29:59 IST" name="Closing" finished-at="2023-02-15T17:29:59 IST" duration-ms="0" status="PASS">
          <reporter-output>
          </reporter-output>
        </test-method> <!-- Closing -->
      </class> <!-- cfo.Mgmt -->
    </test> <!-- Default test -->
  </suite> <!-- Default suite -->
</testng-results>
